\BOOKMARK [1][-]{section.1}{Klasifikcija sistema tipova}{}% 1
\BOOKMARK [2][-]{subsection.1.1}{Podele}{section.1}% 2
\BOOKMARK [2][-]{subsection.1.2}{Deklaracije}{section.1}% 3
\BOOKMARK [2][-]{subsection.1.3}{Definisanje tipova}{section.1}% 4
\BOOKMARK [2][-]{subsection.1.4}{Strukturalni sistem tipova}{section.1}% 5
\BOOKMARK [1][-]{section.2}{Konfiguracija}{}% 6
\BOOKMARK [2][-]{subsection.2.1}{Izbor ES verzije}{section.2}% 7
\BOOKMARK [2][-]{subsection.2.2}{Moduli}{section.2}% 8
\BOOKMARK [2][-]{subsection.2.3}{Globalni tipovi}{section.2}% 9
\BOOKMARK [2][-]{subsection.2.4}{Emitovanje koda}{section.2}% 10
\BOOKMARK [2][-]{subsection.2.5}{Lintanje koda}{section.2}% 11
\BOOKMARK [2][-]{subsection.2.6}{Strogi re\236im}{section.2}% 12
\BOOKMARK [1][-]{section.3}{Tipovi}{}% 13
\BOOKMARK [2][-]{subsection.3.1}{Unija i presek}{section.3}% 14
\BOOKMARK [2][-]{subsection.3.2}{Interfejsi i klase}{section.3}% 15
\BOOKMARK [2][-]{subsection.3.3}{Osnovni tipovi}{section.3}% 16
\BOOKMARK [2][-]{subsection.3.4}{Cuvari tipova}{section.3}% 17
\BOOKMARK [2][-]{subsection.3.5}{Tip never}{section.3}% 18
\BOOKMARK [2][-]{subsection.3.6}{Preklapanje funkcija}{section.3}% 19
\BOOKMARK [2][-]{subsection.3.7}{Genericki tipovi}{section.3}% 20
\BOOKMARK [2][-]{subsection.3.8}{Uslovni tipovi}{section.3}% 21
\BOOKMARK [2][-]{subsection.3.9}{Manipulacija tipovima}{section.3}% 22
\BOOKMARK [2][-]{subsection.3.10}{Primeri tipova iz lib}{section.3}% 23
